INFO:root:

*********** Monitor started **********


INFO:root:Parsing inputs/input.json started
INFO:root:program file name:inputs/test_0.py
INFO:root:highest achievable label by the executing subject = A,['B'],['A', 'C']
INFO:root:Parsing inputs/input.json is completed
INFO:root:AST written into file: inputs/test_0.py.ast
INFO:root:Given function labels are:
foo : A,['B'],['A', 'C']

INFO:root:Given global labels are:
b : A,['B'],['C']
a : A,['B', 'D'],['A', 'C']

INFO:root:Starting dynamic labelling
DEBUG:root:current node: Assign at line 0
DEBUG:root:Target variables of the assignment statement are: ['a']
DEBUG:root:Source variables of the assignment statement are: ['b', 'c']
DEBUG:root:Source variable b is a global having label A,['B'],['C']
DEBUG:root:PC label before reading b is PC,['*'],[]
DEBUG:root:PC label after reading b is PC,['B'],['C']
DEBUG:root:Source variable c is a created with label A,['*'],[]
DEBUG:root:PC label before reading c is PC,['B'],['C']
DEBUG:root:PC label after reading c is PC,['B'],['C']
DEBUG:root:Updated PC label PC,['B'],['C']
DEBUG:root:Label of target a is a given as A,['B', 'D'],['A', 'C']
DEBUG:root:Function perform_assignment : fails to access a in Assignment statement
WARNING:root:name 'message1' is not defined
WARNING:root:****** Monitor Aborted ******
