INFO:root:

*********** Monitor started **********


INFO:root:Parsing inputs/input.json started
INFO:root:program file name:inputs/test_3.py
INFO:root:highest achievable label by the executing subject = A,['B'],['A', 'C']
INFO:root:Parsing inputs/input.json is completed
INFO:root:AST written into file: inputs/test_3.py.ast
INFO:root:Given function labels are:
foo : A,['B'],['A', 'C']

INFO:root:Given global labels are:
a : A,['B'],['A', 'C']
b : A,['B'],['C']

INFO:root:Starting dynamic labelling
DEBUG:root:current node: While at line 0
DEBUG:root:Save the starting line of loop is: 0
DEBUG:root:New labelling function is created
DEBUG:root:Old labelling function is copied into new labelling function
DEBUG:root:Start executing the loop body at line 1
DEBUG:root:current node: Compare at line 1
DEBUG:root:Source variables of comparison statements are: ['c']
DEBUG:root:Source variable c is a created with label <rwfm.Label.Label object at 0x7ff00c6500b8>
DEBUG:root:PC label before reading c is PC,['*'],[]
DEBUG:root:PC label after reading c is PC,['*'],[]
DEBUG:root:current node: Assign at line 4
DEBUG:root:Target variables of the assignment statement are: ['a']
DEBUG:root:Source variables of the assignment statement are: ['c']
DEBUG:root:Source variable c is a created with label <rwfm.Label.Label object at 0x7ff00c650208>
DEBUG:root:PC label before reading c is PC,['*'],[]
DEBUG:root:PC label after reading c is PC,['*'],[]
DEBUG:root:Updated PC label PC,['*'],[]
